Arguments: 
  /usr/local/bin/node /Users/mac/.yarn/bin/yarn.js add monsgoose

PATH: 
  /Users/mac/.yarn/bin:/Users/mac/.config/yarn/global/node_modules/.bin:/usr/local/opt/mongodb-community@3.6/bin:/usr/local/bin:/usr/bin:/bin:/usr/sbin:/sbin:/opt/ImageMagick/bin

Yarn version: 
  1.22.5

Node version: 
  10.16.3

Platform: 
  darwin x64

Trace: 
  Error: https://registry.yarnpkg.com/monsgoose: Not found
      at Request.params.callback [as _callback] (/Users/mac/.yarn/lib/cli.js:66988:18)
      at Request.self.callback (/Users/mac/.yarn/lib/cli.js:140749:22)
      at Request.emit (events.js:198:13)
      at Request.<anonymous> (/Users/mac/.yarn/lib/cli.js:141721:10)
      at Request.emit (events.js:198:13)
      at IncomingMessage.<anonymous> (/Users/mac/.yarn/lib/cli.js:141643:12)
      at Object.onceWrapper (events.js:286:20)
      at IncomingMessage.emit (events.js:203:15)
      at endReadableNT (_stream_readable.js:1145:12)
      at process._tickCallback (internal/process/next_tick.js:63:19)

npm manifest: 
  {
    "name": "instagram",
    "version": "1.0.0",
    "description": "instagram app",
    "main": "index.js",
    "author": "Aitor Arina",
    "license": "MIT",
    "scripts": {
      "dev": "node ./index.js"
    }
  }

yarn manifest: 
  No manifest

Lockfile: 
  No lockfile
